<?xml version="1.0" encoding="UTF-8"?>
<!-- Generated by org.testng.reporters.JUnitReportReporter -->
<testsuite hostname="D1111" name="Demo.TC_01_Open_Browser" tests="1" failures="0" timestamp="10 Aug 2020 07:15:28 GMT" time="0.007" errors="0">
  <testcase name="TC_01_ValidateCurrentUrl" time="0.007" classname="Demo.TC_01_Open_Browser"/>
</testsuite> <!-- Demo.TC_01_Open_Browser -->
