<?xml version="1.0" encoding="UTF-8"?>
<!-- Generated by org.testng.reporters.JUnitReportReporter -->
<testsuite hostname="D1111" name="Demo.TC_01_Open_Browser" tests="1" failures="0" timestamp="12 Aug 2020 07:48:45 GMT" time="0.010" errors="0">
  <testcase name="TC_01_ValidateCurrentUrl" time="0.010" classname="Demo.TC_01_Open_Browser"/>
</testsuite> <!-- Demo.TC_01_Open_Browser -->
