<?xml version="1.0" encoding="UTF-8"?>
<!-- Generated by org.testng.reporters.JUnitReportReporter -->
<testsuite hostname="D1111" name="Demo.Login" tests="4" failures="0" timestamp="10 Aug 2020 15:40:52 GMT" time="18.920" errors="0">
  <testcase name="TC_04_LoginEmailOrPassIncorrect" time="5.754" classname="Demo.Login"/>
  <testcase name="TC_01_LoginWithEmailPassEmpty" time="0.563" classname="Demo.Login"/>
  <testcase name="TC_02_LoginWithEmailInvalid" time="9.676" classname="Demo.Login"/>
  <testcase name="TC_03_LoginWithPassInvalid" time="2.927" classname="Demo.Login"/>
</testsuite> <!-- Demo.Login -->
